<?xml version="1.0" encoding="UTF-8"?>
<!-- Generated by org.testng.reporters.JUnitReportReporter -->
<testsuite skipped="0" hostname="EC2AMAZ-3QKM3F2" name="localbrowsers.Firefox" tests="1" failures="0" timestamp="27 Feb 2019 15:42:59 GMT" time="4.967" errors="0">
  <testcase name="test" time="4.967" classname="localbrowsers.Firefox"/>
</testsuite> <!-- localbrowsers.Firefox -->
